<?xml version="1.0" encoding="UTF-8"?>
<testng-results ignored="0" total="2" passed="2" failed="0" skipped="0">
  <reporter-output>
  </reporter-output>
  <suite started-at="2023-12-19T12:34:45 IST" name="Default Suite" finished-at="2023-12-19T12:34:47 IST" duration-ms="2074">
    <groups>
    </groups>
    <test started-at="2023-12-19T12:34:45 IST" name="SeleniumProject" finished-at="2023-12-19T12:34:47 IST" duration-ms="2074">
      <class name="org.example.RestAssureAPIProject">
        <test-method signature="getUsersInPageTwo()[pri:1, instance:org.example.RestAssureAPIProject@5db250b4]" started-at="2023-12-19T12:34:45 IST" name="getUsersInPageTwo" finished-at="2023-12-19T12:34:46 IST" duration-ms="1489" status="PASS">
          <reporter-output>
          </reporter-output>
        </test-method> <!-- getUsersInPageTwo -->
        <test-method signature="getSingleUser()[pri:0, instance:org.example.RestAssureAPIProject@5db250b4]" started-at="2023-12-19T12:34:46 IST" name="getSingleUser" finished-at="2023-12-19T12:34:47 IST" depends-on-methods="org.example.RestAssureAPIProject.getUsersInPageTwo" duration-ms="548" status="PASS">
          <reporter-output>
          </reporter-output>
        </test-method> <!-- getSingleUser -->
      </class> <!-- org.example.RestAssureAPIProject -->
    </test> <!-- SeleniumProject -->
  </suite> <!-- Default Suite -->
</testng-results>
